# JRE version: Java(TM) SE Runtime Environment (8.0_191-b12) (build 1.8.0_191-b12)
# Java VM: Java HotSpot(TM) Client VM (25.191-b12 mixed mode windows-x86 )
Heap:
 def new generation   total 157248K, used 157248K [0x05600000, 0x100a0000, 0x100a0000)
  eden space 139776K, 100% used [0x05600000, 0x0de80000, 0x0de80000)
  from space 17472K, 100% used [0x0de80000, 0x0ef90000, 0x0ef90000)
  to   space 17472K,   0% used [0x0ef90000, 0x0ef90000, 0x100a0000)
 tenured generation   total 349568K, used 349567K [0x100a0000, 0x25600000, 0x25600000)
   the space 349568K,  99% used [0x100a0000, 0x255ffff8, 0x25600000, 0x25600000)
 Metaspace       used 25707K, capacity 26259K, committed 26368K, reserved 27008K
GC Heap History (10 events):
Event: 600.528 GC heap before
{Heap before GC invocations=98 (full 67):
 def new generation   total 157248K, used 157247K [0x05600000, 0x100a0000, 0x100a0000)
  eden space 139776K, 100% used [0x05600000, 0x0de80000, 0x0de80000)
  from space 17472K,  99% used [0x0de80000, 0x0ef8fff8, 0x0ef90000)
  to   space 17472K,   0% used [0x0ef90000, 0x0ef90000, 0x100a0000)
 tenured generation   total 349568K, used 349567K [0x100a0000, 0x25600000, 0x25600000)
   the space 349568K,  99% used [0x100a0000, 0x255fff68, 0x25600000, 0x25600000)
 Metaspace       used 25707K, capacity 26259K, committed 26368K, reserved 27008K
Event: 600.908 GC heap after
Heap after GC invocations=99 (full 68):
 def new generation   total 157248K, used 157220K [0x05600000, 0x100a0000, 0x100a0000)
  eden space 139776K,  99% used [0x05600000, 0x0de7cda8, 0x0de80000)
  from space 17472K,  99% used [0x0de80000, 0x0ef8c570, 0x0ef90000)
  to   space 17472K,   0% used [0x0ef90000, 0x0ef90000, 0x100a0000)
 tenured generation   total 349568K, used 349567K [0x100a0000, 0x25600000, 0x25600000)
   the space 349568K,  99% used [0x100a0000, 0x255ffe70, 0x25600000, 0x25600000)
 Metaspace       used 25707K, capacity 26259K, committed 26368K, reserved 27008K
}
Event: 600.909 GC heap before
{Heap before GC invocations=99 (full 68):
 def new generation   total 157248K, used 157247K [0x05600000, 0x100a0000, 0x100a0000)
  eden space 139776K, 100% used [0x05600000, 0x0de80000, 0x0de80000)
  from space 17472K,  99% used [0x0de80000, 0x0ef8ffe0, 0x0ef90000)
  to   space 17472K,   0% used [0x0ef90000, 0x0ef90000, 0x100a0000)
 tenured generation   total 349568K, used 349567K [0x100a0000, 0x25600000, 0x25600000)
   the space 349568K,  99% used [0x100a0000, 0x255fffb8, 0x25600000, 0x25600000)
 Metaspace       used 25707K, capacity 26259K, committed 26368K, reserved 27008K
Event: 601.277 GC heap after
Heap after GC invocations=100 (full 69):
 def new generation   total 157248K, used 157221K [0x05600000, 0x100a0000, 0x100a0000)
  eden space 139776K,  99% used [0x05600000, 0x0de7cf10, 0x0de80000)
  from space 17472K,  99% used [0x0de80000, 0x0ef8c660, 0x0ef90000)
  to   space 17472K,   0% used [0x0ef90000, 0x0ef90000, 0x100a0000)
 tenured generation   total 349568K, used 349567K [0x100a0000, 0x25600000, 0x25600000)
   the space 349568K,  99% used [0x100a0000, 0x255fffb8, 0x25600000, 0x25600000)
 Metaspace       used 25707K, capacity 26259K, committed 26368K, reserved 27008K
}
Event: 601.277 GC heap before
{Heap before GC invocations=100 (full 69):
 def new generation   total 157248K, used 157247K [0x05600000, 0x100a0000, 0x100a0000)
  eden space 139776K, 100% used [0x05600000, 0x0de80000, 0x0de80000)
  from space 17472K,  99% used [0x0de80000, 0x0ef8ffc0, 0x0ef90000)
  to   space 17472K,   0% used [0x0ef90000, 0x0ef90000, 0x100a0000)
 tenured generation   total 349568K, used 349567K [0x100a0000, 0x25600000, 0x25600000)
   the space 349568K,  99% used [0x100a0000, 0x255fffb8, 0x25600000, 0x25600000)
 Metaspace       used 25707K, capacity 26259K, committed 26368K, reserved 27008K
Event: 601.651 GC heap after
Heap after GC invocations=101 (full 70):
 def new generation   total 157248K, used 157221K [0x05600000, 0x100a0000, 0x100a0000)
  eden space 139776K,  99% used [0x05600000, 0x0de7d218, 0x0de80000)
  from space 17472K,  99% used [0x0de80000, 0x0ef8c4f0, 0x0ef90000)
  to   space 17472K,   0% used [0x0ef90000, 0x0ef90000, 0x100a0000)
 tenured generation   total 349568K, used 349567K [0x100a0000, 0x25600000, 0x25600000)
   the space 349568K,  99% used [0x100a0000, 0x255fffb8, 0x25600000, 0x25600000)
 Metaspace       used 25707K, capacity 26259K, committed 26368K, reserved 27008K
}
Event: 601.652 GC heap before
{Heap before GC invocations=101 (full 70):
 def new generation   total 157248K, used 157241K [0x05600000, 0x100a0000, 0x100a0000)
  eden space 139776K, 100% used [0x05600000, 0x0de80000, 0x0de80000)
  from space 17472K,  99% used [0x0de80000, 0x0ef8e4a8, 0x0ef90000)
  to   space 17472K,   0% used [0x0ef90000, 0x0ef90000, 0x100a0000)
 tenured generation   total 349568K, used 349567K [0x100a0000, 0x25600000, 0x25600000)
   the space 349568K,  99% used [0x100a0000, 0x255fffb8, 0x25600000, 0x25600000)
 Metaspace       used 25707K, capacity 26259K, committed 26368K, reserved 27008K
Event: 602.019 GC heap after
Heap after GC invocations=102 (full 71):
 def new generation   total 157248K, used 157180K [0x05600000, 0x100a0000, 0x100a0000)
  eden space 139776K,  99% used [0x05600000, 0x0de72ae8, 0x0de80000)
  from space 17472K,  99% used [0x0de80000, 0x0ef8c5c8, 0x0ef90000)
  to   space 17472K,   0% used [0x0ef90000, 0x0ef90000, 0x100a0000)
 tenured generation   total 349568K, used 349567K [0x100a0000, 0x25600000, 0x25600000)
   the space 349568K,  99% used [0x100a0000, 0x255fffb8, 0x25600000, 0x25600000)
 Metaspace       used 25707K, capacity 26259K, committed 26368K, reserved 27008K
}
Event: 602.019 GC heap before
{Heap before GC invocations=102 (full 71):
 def new generation   total 157248K, used 157180K [0x05600000, 0x100a0000, 0x100a0000)
  eden space 139776K,  99% used [0x05600000, 0x0de72ae8, 0x0de80000)
  from space 17472K,  99% used [0x0de80000, 0x0ef8c5c8, 0x0ef90000)
  to   space 17472K,   0% used [0x0ef90000, 0x0ef90000, 0x100a0000)
 tenured generation   total 349568K, used 349567K [0x100a0000, 0x25600000, 0x25600000)
   the space 349568K,  99% used [0x100a0000, 0x255fffb8, 0x25600000, 0x25600000)
 Metaspace       used 25707K, capacity 26259K, committed 26368K, reserved 27008K
Event: 602.391 GC heap after
Heap after GC invocations=103 (full 72):
 def new generation   total 157248K, used 157180K [0x05600000, 0x100a0000, 0x100a0000)
  eden space 139776K,  99% used [0x05600000, 0x0de72ae8, 0x0de80000)
  from space 17472K,  99% used [0x0de80000, 0x0ef8c5c8, 0x0ef90000)
  to   space 17472K,   0% used [0x0ef90000, 0x0ef90000, 0x100a0000)
 tenured generation   total 349568K, used 349567K [0x100a0000, 0x25600000, 0x25600000)
   the space 349568K,  99% used [0x100a0000, 0x255ffe70, 0x25600000, 0x25600000)
 Metaspace       used 25707K, capacity 26259K, committed 26368K, reserved 27008K
}

