# JRE version: Java(TM) SE Runtime Environment (8.0_191-b12) (build 1.8.0_191-b12)
# Java VM: Java HotSpot(TM) Client VM (25.191-b12 mixed mode windows-x86 )
Heap:
 def new generation   total 157248K, used 157240K [0x05a00000, 0x104a0000, 0x104a0000)
  eden space 139776K, 100% used [0x05a00000, 0x0e280000, 0x0e280000)
  from space 17472K,  99% used [0x0e280000, 0x0f38e000, 0x0f390000)
  to   space 17472K,   0% used [0x0f390000, 0x0f390000, 0x104a0000)
 tenured generation   total 349568K, used 349567K [0x104a0000, 0x25a00000, 0x25a00000)
   the space 349568K,  99% used [0x104a0000, 0x259fff38, 0x25a00000, 0x25a00000)
 Metaspace       used 25233K, capacity 25787K, committed 25856K, reserved 25984K
GC Heap History (10 events):
Event: 3086.445 GC heap before
{Heap before GC invocations=337 (full 87):
 def new generation   total 157248K, used 157247K [0x05a00000, 0x104a0000, 0x104a0000)
  eden space 139776K, 100% used [0x05a00000, 0x0e280000, 0x0e280000)
  from space 17472K,  99% used [0x0e280000, 0x0f38fff8, 0x0f390000)
  to   space 17472K,   0% used [0x0f390000, 0x0f390000, 0x104a0000)
 tenured generation   total 349568K, used 349568K [0x104a0000, 0x25a00000, 0x25a00000)
   the space 349568K, 100% used [0x104a0000, 0x25a00000, 0x25a00000, 0x25a00000)
 Metaspace       used 25233K, capacity 25787K, committed 25856K, reserved 25984K
Event: 3086.832 GC heap after
Heap after GC invocations=338 (full 88):
 def new generation   total 157248K, used 157246K [0x05a00000, 0x104a0000, 0x104a0000)
  eden space 139776K, 100% used [0x05a00000, 0x0e280000, 0x0e280000)
  from space 17472K,  99% used [0x0e280000, 0x0f38fad8, 0x0f390000)
  to   space 17472K,   0% used [0x0f390000, 0x0f390000, 0x104a0000)
 tenured generation   total 349568K, used 349567K [0x104a0000, 0x25a00000, 0x25a00000)
   the space 349568K,  99% used [0x104a0000, 0x259ffd60, 0x259ffe00, 0x25a00000)
 Metaspace       used 25233K, capacity 25787K, committed 25856K, reserved 25984K
}
Event: 3086.832 GC heap before
{Heap before GC invocations=338 (full 88):
 def new generation   total 157248K, used 157248K [0x05a00000, 0x104a0000, 0x104a0000)
  eden space 139776K, 100% used [0x05a00000, 0x0e280000, 0x0e280000)
  from space 17472K, 100% used [0x0e280000, 0x0f390000, 0x0f390000)
  to   space 17472K,   0% used [0x0f390000, 0x0f390000, 0x104a0000)
 tenured generation   total 349568K, used 349567K [0x104a0000, 0x25a00000, 0x25a00000)
   the space 349568K,  99% used [0x104a0000, 0x259fffa8, 0x25a00000, 0x25a00000)
 Metaspace       used 25233K, capacity 25787K, committed 25856K, reserved 25984K
Event: 3087.206 GC heap after
Heap after GC invocations=339 (full 89):
 def new generation   total 157248K, used 157241K [0x05a00000, 0x104a0000, 0x104a0000)
  eden space 139776K, 100% used [0x05a00000, 0x0e280000, 0x0e280000)
  from space 17472K,  99% used [0x0e280000, 0x0f38e728, 0x0f390000)
  to   space 17472K,   0% used [0x0f390000, 0x0f390000, 0x104a0000)
 tenured generation   total 349568K, used 349567K [0x104a0000, 0x25a00000, 0x25a00000)
   the space 349568K,  99% used [0x104a0000, 0x259fffa8, 0x25a00000, 0x25a00000)
 Metaspace       used 25233K, capacity 25787K, committed 25856K, reserved 25984K
}
Event: 3087.206 GC heap before
{Heap before GC invocations=339 (full 89):
 def new generation   total 157248K, used 157248K [0x05a00000, 0x104a0000, 0x104a0000)
  eden space 139776K, 100% used [0x05a00000, 0x0e280000, 0x0e280000)
  from space 17472K, 100% used [0x0e280000, 0x0f390000, 0x0f390000)
  to   space 17472K,   0% used [0x0f390000, 0x0f390000, 0x104a0000)
 tenured generation   total 349568K, used 349568K [0x104a0000, 0x25a00000, 0x25a00000)
   the space 349568K, 100% used [0x104a0000, 0x25a00000, 0x25a00000, 0x25a00000)
 Metaspace       used 25233K, capacity 25787K, committed 25856K, reserved 25984K
Event: 3087.575 GC heap after
Heap after GC invocations=340 (full 90):
 def new generation   total 157248K, used 157230K [0x05a00000, 0x104a0000, 0x104a0000)
  eden space 139776K, 100% used [0x05a00000, 0x0e280000, 0x0e280000)
  from space 17472K,  99% used [0x0e280000, 0x0f38b8f0, 0x0f390000)
  to   space 17472K,   0% used [0x0f390000, 0x0f390000, 0x104a0000)
 tenured generation   total 349568K, used 349568K [0x104a0000, 0x25a00000, 0x25a00000)
   the space 349568K, 100% used [0x104a0000, 0x25a00000, 0x25a00000, 0x25a00000)
 Metaspace       used 25233K, capacity 25787K, committed 25856K, reserved 25984K
}
Event: 3087.576 GC heap before
{Heap before GC invocations=340 (full 90):
 def new generation   total 157248K, used 157236K [0x05a00000, 0x104a0000, 0x104a0000)
  eden space 139776K, 100% used [0x05a00000, 0x0e280000, 0x0e280000)
  from space 17472K,  99% used [0x0e280000, 0x0f38d3d8, 0x0f390000)
  to   space 17472K,   0% used [0x0f390000, 0x0f390000, 0x104a0000)
 tenured generation   total 349568K, used 349568K [0x104a0000, 0x25a00000, 0x25a00000)
   the space 349568K, 100% used [0x104a0000, 0x25a00000, 0x25a00000, 0x25a00000)
 Metaspace       used 25233K, capacity 25787K, committed 25856K, reserved 25984K
Event: 3087.933 GC heap after
Heap after GC invocations=341 (full 91):
 def new generation   total 157248K, used 157183K [0x05a00000, 0x104a0000, 0x104a0000)
  eden space 139776K, 100% used [0x05a00000, 0x0e280000, 0x0e280000)
  from space 17472K,  99% used [0x0e280000, 0x0f37fd50, 0x0f390000)
  to   space 17472K,   0% used [0x0f390000, 0x0f390000, 0x104a0000)
 tenured generation   total 349568K, used 349568K [0x104a0000, 0x25a00000, 0x25a00000)
   the space 349568K, 100% used [0x104a0000, 0x25a00000, 0x25a00000, 0x25a00000)
 Metaspace       used 25233K, capacity 25787K, committed 25856K, reserved 25984K
}
Event: 3087.933 GC heap before
{Heap before GC invocations=341 (full 91):
 def new generation   total 157248K, used 157183K [0x05a00000, 0x104a0000, 0x104a0000)
  eden space 139776K, 100% used [0x05a00000, 0x0e280000, 0x0e280000)
  from space 17472K,  99% used [0x0e280000, 0x0f37fd50, 0x0f390000)
  to   space 17472K,   0% used [0x0f390000, 0x0f390000, 0x104a0000)
 tenured generation   total 349568K, used 349568K [0x104a0000, 0x25a00000, 0x25a00000)
   the space 349568K, 100% used [0x104a0000, 0x25a00000, 0x25a00000, 0x25a00000)
 Metaspace       used 25233K, capacity 25787K, committed 25856K, reserved 25984K
Event: 3088.291 GC heap after
Heap after GC invocations=342 (full 92):
 def new generation   total 157248K, used 157182K [0x05a00000, 0x104a0000, 0x104a0000)
  eden space 139776K, 100% used [0x05a00000, 0x0e280000, 0x0e280000)
  from space 17472K,  99% used [0x0e280000, 0x0f37fba8, 0x0f390000)
  to   space 17472K,   0% used [0x0f390000, 0x0f390000, 0x104a0000)
 tenured generation   total 349568K, used 349567K [0x104a0000, 0x25a00000, 0x25a00000)
   the space 349568K,  99% used [0x104a0000, 0x259fff38, 0x25a00000, 0x25a00000)
 Metaspace       used 25233K, capacity 25787K, committed 25856K, reserved 25984K
}

